Started GET "/product" for ::1 at 2022-05-11 10:50:27 +0700
Started GET "/" for ::1 at 2022-05-11 10:50:27 +0700
  [1m[35m (1.5ms)[0m  [1m[34mSELECT sqlite_version(*)[0m
  
ActionController::RoutingError (No route matches [GET] "/product"):
  
Processing by Rails::WelcomeController#index as HTML
Completed 200 OK in 28ms (Views: 8.0ms | ActiveRecord: 0.0ms | Allocations: 7939)


Started GET "/" for 127.0.0.1 at 2022-06-15 20:14:28 +0700
  [1m[35m (3.0ms)[0m  [1m[34mSELECT sqlite_version(*)[0m
Processing by Rails::WelcomeController#index as HTML
  Rendering /usr/local/lib/ruby/gems/3.1.0/gems/railties-7.0.3/lib/rails/templates/rails/welcome/index.html.erb
  Rendered /usr/local/lib/ruby/gems/3.1.0/gems/railties-7.0.3/lib/rails/templates/rails/welcome/index.html.erb (Duration: 2.5ms | Allocations: 634)
Completed 200 OK in 20ms (Views: 8.5ms | ActiveRecord: 0.0ms | Allocations: 4907)


  [1m[35m (0.9ms)[0m  [1m[34mSELECT sqlite_version(*)[0m
  [1m[35m (0.6ms)[0m  [1m[34mSELECT sqlite_version(*)[0m
  [1m[35m (1.2ms)[0m  [1m[35mCREATE TABLE "schema_migrations" ("version" varchar NOT NULL PRIMARY KEY)[0m
  [1m[35m (0.9ms)[0m  [1m[35mCREATE TABLE "ar_internal_metadata" ("key" varchar NOT NULL PRIMARY KEY, "value" varchar, "created_at" datetime(6) NOT NULL, "updated_at" datetime(6) NOT NULL)[0m
  [1m[36mActiveRecord::SchemaMigration Pluck (0.1ms)[0m  [1m[34mSELECT "schema_migrations"."version" FROM "schema_migrations" ORDER BY "schema_migrations"."version" ASC[0m
Migrating to CreateInventories (20220615133210)
  [1m[36mTRANSACTION (0.0ms)[0m  [1m[36mbegin transaction[0m
  [1m[35m (0.3ms)[0m  [1m[35mCREATE TABLE "inventories" ("id" integer PRIMARY KEY AUTOINCREMENT NOT NULL, "item_id" varchar, "item_name" varchar, "item_qty" integer, "item_purchase_date" varchar, "created_at" datetime(6) NOT NULL, "updated_at" datetime(6) NOT NULL)[0m
  [1m[36mActiveRecord::SchemaMigration Create (0.1ms)[0m  [1m[32mINSERT INTO "schema_migrations" ("version") VALUES (?)[0m  [["version", "20220615133210"]]
  [1m[36mTRANSACTION (0.7ms)[0m  [1m[36mcommit transaction[0m
  [1m[36mActiveRecord::InternalMetadata Load (0.1ms)[0m  [1m[34mSELECT "ar_internal_metadata".* FROM "ar_internal_metadata" WHERE "ar_internal_metadata"."key" = ? LIMIT ?[0m  [["key", "environment"], ["LIMIT", 1]]
  [1m[36mTRANSACTION (0.0ms)[0m  [1m[36mbegin transaction[0m
  [1m[36mActiveRecord::InternalMetadata Create (0.3ms)[0m  [1m[32mINSERT INTO "ar_internal_metadata" ("key", "value", "created_at", "updated_at") VALUES (?, ?, ?, ?)[0m  [["key", "environment"], ["value", "development"], ["created_at", "2022-06-15 13:47:19.800351"], ["updated_at", "2022-06-15 13:47:19.800351"]]
  [1m[36mTRANSACTION (0.8ms)[0m  [1m[36mcommit transaction[0m
  [1m[35m (0.0ms)[0m  [1m[34mSELECT sqlite_version(*)[0m
  [1m[36mActiveRecord::SchemaMigration Pluck (0.1ms)[0m  [1m[34mSELECT "schema_migrations"."version" FROM "schema_migrations" ORDER BY "schema_migrations"."version" ASC[0m
  [1m[35m (0.5ms)[0m  [1m[34mSELECT sqlite_version(*)[0m
  [1m[36mTRANSACTION (0.1ms)[0m  [1m[36mbegin transaction[0m
  [1m[36mInventory Create (0.6ms)[0m  [1m[32mINSERT INTO "inventories" ("item_id", "item_name", "item_qty", "item_purchase_date", "created_at", "updated_at") VALUES (?, ?, ?, ?, ?, ?)[0m  [["item_id", "0001"], ["item_name", "toothbrush"], ["item_qty", 2], ["item_purchase_date", "15/06/2022"], ["created_at", "2022-06-15 13:47:54.904066"], ["updated_at", "2022-06-15 13:47:54.904066"]]
  [1m[36mTRANSACTION (1.1ms)[0m  [1m[36mcommit transaction[0m
  [1m[36mTRANSACTION (0.1ms)[0m  [1m[36mbegin transaction[0m
  [1m[36mInventory Create (0.5ms)[0m  [1m[32mINSERT INTO "inventories" ("item_id", "item_name", "item_qty", "item_purchase_date", "created_at", "updated_at") VALUES (?, ?, ?, ?, ?, ?)[0m  [["item_id", "0002"], ["item_name", "toothpaste"], ["item_qty", 2], ["item_purchase_date", "15/06/2022"], ["created_at", "2022-06-15 13:48:28.710702"], ["updated_at", "2022-06-15 13:48:28.710702"]]
  [1m[36mTRANSACTION (1.0ms)[0m  [1m[36mcommit transaction[0m
  [1m[36mTRANSACTION (0.1ms)[0m  [1m[36mbegin transaction[0m
  [1m[36mInventory Create (0.5ms)[0m  [1m[32mINSERT INTO "inventories" ("item_id", "item_name", "item_qty", "item_purchase_date", "created_at", "updated_at") VALUES (?, ?, ?, ?, ?, ?)[0m  [["item_id", "0002"], ["item_name", "toothpaste"], ["item_qty", 2], ["item_purchase_date", "15/06/2022"], ["created_at", "2022-06-15 13:49:35.288983"], ["updated_at", "2022-06-15 13:49:35.288983"]]
  [1m[36mTRANSACTION (1.0ms)[0m  [1m[36mcommit transaction[0m
  [1m[36mTRANSACTION (0.1ms)[0m  [1m[36mbegin transaction[0m
  [1m[36mInventory Create (0.5ms)[0m  [1m[32mINSERT INTO "inventories" ("item_id", "item_name", "item_qty", "item_purchase_date", "created_at", "updated_at") VALUES (?, ?, ?, ?, ?, ?)[0m  [["item_id", "0003"], ["item_name", "shampoo"], ["item_qty", 2], ["item_purchase_date", "15/06/2022"], ["created_at", "2022-06-15 13:49:40.486796"], ["updated_at", "2022-06-15 13:49:40.486796"]]
  [1m[36mTRANSACTION (0.9ms)[0m  [1m[36mcommit transaction[0m
  [1m[36mTRANSACTION (0.1ms)[0m  [1m[36mbegin transaction[0m
  [1m[36mInventory Create (0.5ms)[0m  [1m[32mINSERT INTO "inventories" ("item_id", "item_name", "item_qty", "item_purchase_date", "created_at", "updated_at") VALUES (?, ?, ?, ?, ?, ?)[0m  [["item_id", "0004"], ["item_name", "handsoap"], ["item_qty", 1], ["item_purchase_date", "15/06/2022"], ["created_at", "2022-06-15 13:50:30.549686"], ["updated_at", "2022-06-15 13:50:30.549686"]]
  [1m[36mTRANSACTION (0.8ms)[0m  [1m[36mcommit transaction[0m
Started GET "/" for 127.0.0.1 at 2022-06-15 21:00:04 +0700
  [1m[35m (0.5ms)[0m  [1m[34mSELECT sqlite_version(*)[0m
  [1m[36mActiveRecord::SchemaMigration Pluck (0.1ms)[0m  [1m[34mSELECT "schema_migrations"."version" FROM "schema_migrations" ORDER BY "schema_migrations"."version" ASC[0m
Processing by Rails::WelcomeController#index as HTML
  Rendering /usr/local/lib/ruby/gems/3.1.0/gems/railties-7.0.3/lib/rails/templates/rails/welcome/index.html.erb
  Rendered /usr/local/lib/ruby/gems/3.1.0/gems/railties-7.0.3/lib/rails/templates/rails/welcome/index.html.erb (Duration: 1.7ms | Allocations: 526)
Completed 200 OK in 10ms (Views: 4.2ms | ActiveRecord: 0.0ms | Allocations: 3586)


Started GET "/" for 127.0.0.1 at 2022-06-15 21:01:15 +0700
Processing by Rails::WelcomeController#index as HTML
  Rendering /usr/local/lib/ruby/gems/3.1.0/gems/railties-7.0.3/lib/rails/templates/rails/welcome/index.html.erb
  Rendered /usr/local/lib/ruby/gems/3.1.0/gems/railties-7.0.3/lib/rails/templates/rails/welcome/index.html.erb (Duration: 1.2ms | Allocations: 324)
Completed 200 OK in 3ms (Views: 2.0ms | Allocations: 1025)


Started GET "/" for 127.0.0.1 at 2022-06-15 21:02:10 +0700
  [1m[35m (1.3ms)[0m  [1m[34mSELECT sqlite_version(*)[0m
  [1m[36mActiveRecord::SchemaMigration Pluck (0.3ms)[0m  [1m[34mSELECT "schema_migrations"."version" FROM "schema_migrations" ORDER BY "schema_migrations"."version" ASC[0m
Processing by Rails::WelcomeController#index as HTML
  Rendering /usr/local/lib/ruby/gems/3.1.0/gems/railties-7.0.3/lib/rails/templates/rails/welcome/index.html.erb
  Rendered /usr/local/lib/ruby/gems/3.1.0/gems/railties-7.0.3/lib/rails/templates/rails/welcome/index.html.erb (Duration: 1.2ms | Allocations: 526)
Completed 200 OK in 11ms (Views: 3.7ms | ActiveRecord: 0.0ms | Allocations: 3586)


Started GET "/" for 127.0.0.1 at 2022-06-15 21:04:07 +0700
  [1m[35m (0.4ms)[0m  [1m[34mSELECT sqlite_version(*)[0m
  [1m[36mActiveRecord::SchemaMigration Pluck (0.1ms)[0m  [1m[34mSELECT "schema_migrations"."version" FROM "schema_migrations" ORDER BY "schema_migrations"."version" ASC[0m
Processing by InventoryController#index as HTML
  Rendering layout layouts/application.html.erb
  Rendering inventory/index.html.erb within layouts/application
  Rendered inventory/index.html.erb within layouts/application (Duration: 0.9ms | Allocations: 333)
  Rendered layout layouts/application.html.erb (Duration: 830.1ms | Allocations: 71169)
Completed 200 OK in 837ms (Views: 832.5ms | ActiveRecord: 0.0ms | Allocations: 74384)


